<?xml version="1.0" encoding="UTF-8" ?>
<testsuite tests="8" failures="0" name="uk.gov.dwp.uc.pairtest.TicketServiceImplTest" time="0.22" errors="0" skipped="0">
  <properties>
[...]
</properties>
  <testcase classname="uk.gov.dwp.uc.pairtest.TicketServiceImplTest" name="total_tickets_ordered_over_20_should_throw_exception" time="0.152"/>
  <testcase classname="uk.gov.dwp.uc.pairtest.TicketServiceImplTest" name="accountId_less_than_zero_should_throw_exception" time="0.001"/>
  <testcase classname="uk.gov.dwp.uc.pairtest.TicketServiceImplTest" name="child_and_infant_tickets_ordered_no_adult_tickets_should_throw_exception" time="0.002"/>
  <testcase classname="uk.gov.dwp.uc.pairtest.TicketServiceImplTest" name="infant_tickets_ordered_no_adult_tickets_should_throw_exception" time="0.002"/>
  <testcase classname="uk.gov.dwp.uc.pairtest.TicketServiceImplTest" name="accountId_is_zero_should_throw_exception" time="0.001"/>
  <testcase classname="uk.gov.dwp.uc.pairtest.TicketServiceImplTest" name="accountId_not_present_should_throw_exception" time="0.001"/>
  <testcase classname="uk.gov.dwp.uc.pairtest.TicketServiceImplTest" name="child_tickets_ordered_no_adult_tickets_should_throw_exception" time="0.001"/>
  <testcase classname="uk.gov.dwp.uc.pairtest.TicketServiceImplTest" name="valid_ticket_request_should_request_payment_and_reserve_seats" time="0.06"/>
</testsuite>